<?xml version="1.0" encoding="UTF-8"?>
<!-- Generated by org.testng.reporters.JUnitReportReporter -->
<testsuite hostname="AvSom-J27" failures="0" tests="2" name="cucumberOptions.TestNgTestRunner" time="44.352" errors="0" timestamp="2023-05-04T15:10:30 IST" skipped="0">
  <testcase classname="cucumberOptions.TestNgTestRunner" name="runScenario" time="19.398"/>
  <system-out/>
  <testcase classname="cucumberOptions.TestNgTestRunner" name="runScenario" time="24.954"/>
  <system-out/>
</testsuite> <!-- cucumberOptions.TestNgTestRunner -->
