<?xml version="1.0" encoding="UTF-8"?>
<!-- Generated by org.testng.reporters.JUnitReportReporter -->
<testsuite hostname="AvSom-J27" failures="0" tests="1" name="com.cucumber.CucumberProj.AppTest" time="0.001" errors="0" timestamp="2023-05-04T15:10:30 IST" skipped="0">
  <testcase classname="com.cucumber.CucumberProj.AppTest" name="testApp" time="0.001"/>
  <system-out/>
</testsuite> <!-- com.cucumber.CucumberProj.AppTest -->
