<?xml version="1.0" encoding="UTF-8"?>
<!-- Generated by org.testng.reporters.JUnitReportReporter -->
<testsuite hostname="AvSom-J27" failures="0" tests="6" name="cucumberOptions.TestNgTestRunner" time="99.902" errors="0" timestamp="2023-04-29T15:20:58 IST" skipped="0">
  <testcase classname="cucumberOptions.TestNgTestRunner" name="runScenario" time="21.336"/>
  <system-out/>
  <testcase classname="cucumberOptions.TestNgTestRunner" name="runScenario" time="20.151"/>
  <system-out/>
  <testcase classname="cucumberOptions.TestNgTestRunner" name="runScenario" time="13.162"/>
  <system-out/>
  <testcase classname="cucumberOptions.TestNgTestRunner" name="runScenario" time="11.362"/>
  <system-out/>
  <testcase classname="cucumberOptions.TestNgTestRunner" name="runScenario" time="23.490"/>
  <system-out/>
  <testcase classname="cucumberOptions.TestNgTestRunner" name="runScenario" time="10.401"/>
  <system-out/>
</testsuite> <!-- cucumberOptions.TestNgTestRunner -->
